SF:lib\data\datasource\tv_local_data_source.dart
DA:16,1
DA:19,1
DA:21,3
DA:24,2
DA:29,1
DA:31,3
DA:34,2
DA:39,1
DA:40,3
DA:42,1
DA:49,1
DA:50,3
DA:51,4
LF:13
LH:13
end_of_record
SF:lib\data\models\tv_table.dart
DA:12,2
DA:19,0
DA:20,0
DA:21,0
DA:22,0
DA:23,0
DA:26,2
DA:27,1
DA:28,1
DA:29,1
DA:30,1
DA:33,0
DA:34,0
DA:35,0
DA:36,0
DA:37,0
DA:40,2
DA:41,1
DA:42,1
DA:43,1
DA:44,1
DA:47,1
DA:49,5
LF:23
LH:13
end_of_record
SF:lib\domain\entities\genre.dart
DA:4,6
DA:12,2
DA:13,6
LF:3
LH:3
end_of_record
SF:lib\domain\entities\season.dart
DA:4,6
DA:22,2
DA:23,2
DA:24,2
DA:25,2
DA:26,2
DA:27,2
DA:28,2
DA:29,2
DA:30,2
LF:10
LH:10
end_of_record
SF:lib\domain\entities\tv.dart
DA:4,11
DA:18,1
DA:37,8
DA:38,8
DA:39,8
DA:40,8
DA:41,8
DA:42,8
DA:43,8
DA:44,8
DA:45,8
DA:46,8
DA:47,8
DA:48,8
DA:49,8
LF:15
LH:15
end_of_record
SF:lib\domain\entities\tv_detail.dart
DA:7,6
DA:35,2
DA:36,2
DA:37,2
DA:38,2
DA:39,2
DA:40,2
DA:41,2
DA:42,2
DA:43,2
DA:44,2
DA:45,2
DA:46,2
DA:47,2
DA:48,2
LF:15
LH:15
end_of_record
SF:lib\data\datasource\db\database_helper_tv.dart
DA:9,0
DA:10,0
DA:11,0
DA:14,0
DA:15,0
DA:16,0
DA:17,0
DA:19,0
DA:23,0
DA:24,0
DA:25,0
DA:26,0
DA:28,0
DA:31,0
DA:32,0
DA:38,0
DA:39,0
DA:41,0
LF:18
LH:0
end_of_record
SF:lib\data\datasource\tv_remote_data_source.dart
DA:24,1
DA:27,1
DA:29,5
DA:31,2
DA:32,4
DA:34,1
DA:39,1
DA:40,5
DA:42,2
DA:43,3
DA:45,1
DA:50,1
DA:51,2
DA:52,3
DA:54,2
DA:55,4
DA:57,1
DA:62,1
DA:64,5
DA:66,2
DA:67,4
DA:69,1
DA:74,1
DA:76,5
DA:78,2
DA:79,4
DA:81,1
DA:86,1
DA:87,2
DA:88,3
DA:90,2
DA:91,4
DA:93,1
LF:33
LH:33
end_of_record
SF:lib\data\models\tv_detail_model.dart
DA:9,2
DA:37,1
DA:38,1
DA:39,1
DA:40,1
DA:41,4
DA:42,1
DA:43,1
DA:44,1
DA:45,2
DA:46,1
DA:47,1
DA:48,1
DA:49,2
DA:50,1
DA:51,1
DA:52,4
DA:56,0
DA:57,0
DA:58,0
DA:59,0
DA:60,0
DA:61,0
DA:62,0
DA:63,0
DA:64,0
DA:65,0
DA:66,0
DA:67,0
DA:70,1
DA:71,1
DA:72,1
DA:73,5
DA:74,1
DA:75,1
DA:76,1
DA:77,1
DA:78,1
DA:79,1
DA:80,1
DA:81,1
DA:82,1
DA:83,5
DA:87,1
DA:89,1
DA:90,1
DA:91,1
DA:92,1
DA:93,1
DA:94,1
DA:95,1
DA:96,1
DA:97,1
DA:98,1
DA:99,1
DA:100,1
LF:56
LH:44
end_of_record
SF:lib\data\models\tv_model.dart
DA:5,4
DA:31,4
DA:32,2
DA:33,8
DA:34,2
DA:35,2
DA:36,2
DA:37,4
DA:38,2
DA:39,2
DA:40,2
DA:41,4
DA:42,2
DA:45,2
DA:46,1
DA:47,4
DA:48,1
DA:49,1
DA:50,1
DA:51,1
DA:52,1
DA:53,1
DA:54,1
DA:55,1
DA:56,1
DA:59,2
DA:60,2
DA:61,2
DA:62,2
DA:63,2
DA:64,2
DA:65,2
DA:66,2
DA:67,2
DA:68,2
DA:69,2
DA:70,2
DA:71,2
DA:75,2
DA:76,2
DA:77,2
DA:78,2
DA:79,2
DA:80,2
DA:81,2
DA:82,2
DA:83,2
DA:84,2
DA:85,2
DA:86,2
DA:87,2
LF:51
LH:51
end_of_record
SF:lib\data\models\tv_response.dart
DA:8,2
DA:10,4
DA:11,4
DA:12,6
DA:13,6
DA:16,2
DA:17,5
DA:20,1
DA:21,2
LF:9
LH:9
end_of_record
SF:lib\data\models\genre_model.dart
DA:6,2
DA:14,2
DA:15,1
DA:16,1
DA:19,0
DA:20,0
DA:21,0
DA:24,1
DA:25,3
DA:28,1
DA:29,3
LF:11
LH:8
end_of_record
SF:lib\data\models\season_model.dart
DA:5,2
DA:23,2
DA:24,1
DA:25,1
DA:26,1
DA:27,1
DA:28,1
DA:29,1
DA:30,1
DA:33,0
DA:34,0
DA:35,0
DA:36,0
DA:37,0
DA:38,0
DA:39,0
DA:40,0
DA:43,1
DA:44,1
DA:45,1
DA:46,1
DA:47,1
DA:48,1
DA:49,1
DA:50,1
DA:51,1
DA:55,0
DA:56,0
DA:57,0
DA:58,0
DA:59,0
DA:60,0
DA:61,0
DA:62,0
DA:63,0
LF:35
LH:18
end_of_record
SF:lib\domain\usecase\get_now_playing_tv.dart
DA:9,1
DA:11,1
DA:12,2
LF:3
LH:3
end_of_record
SF:lib\data\repositories\tv_repository_impl.dart
DA:17,1
DA:23,1
DA:25,3
DA:26,5
DA:27,1
DA:28,2
DA:29,1
DA:30,2
DA:35,1
DA:37,3
DA:38,2
DA:39,1
DA:40,2
DA:41,1
DA:42,2
DA:47,1
DA:49,3
DA:50,3
DA:51,1
DA:52,2
DA:53,1
DA:54,2
DA:59,1
DA:61,3
DA:62,5
DA:63,1
DA:64,2
DA:65,1
DA:66,2
DA:71,1
DA:73,3
DA:74,5
DA:75,1
DA:76,2
DA:77,1
DA:78,2
DA:83,1
DA:85,3
DA:86,5
DA:87,1
DA:88,2
DA:89,1
DA:90,2
DA:95,0
DA:98,0
DA:99,0
DA:100,0
DA:101,0
DA:108,0
DA:111,0
DA:112,0
DA:113,0
DA:114,0
DA:119,1
DA:120,3
DA:125,1
DA:126,3
DA:127,5
LF:58
LH:48
end_of_record
SF:lib\domain\usecase\get_popular_tv.dart
DA:9,1
DA:11,1
DA:12,2
LF:3
LH:3
end_of_record
SF:lib\domain\usecase\get_top_rated_tv.dart
DA:9,1
DA:11,1
DA:12,2
LF:3
LH:3
end_of_record
SF:lib\presentation\bloc\top_rated_tv_event.dart
DA:5,1
DA:7,0
DA:8,0
LF:3
LH:1
end_of_record
SF:lib\presentation\bloc\top_rated_tv_bloc.dart
DA:13,3
DA:14,2
DA:15,2
DA:17,3
DA:19,1
DA:20,1
DA:21,3
DA:23,1
DA:24,1
DA:25,2
DA:27,2
LF:11
LH:11
end_of_record
SF:lib\presentation\bloc\top_rated_tv_state.dart
DA:5,2
DA:7,1
DA:8,1
DA:20,1
DA:22,1
DA:23,2
DA:29,2
DA:31,1
DA:32,2
LF:9
LH:9
end_of_record
SF:lib\domain\usecase\get_tv_detail.dart
DA:9,1
DA:11,1
DA:12,2
LF:3
LH:3
end_of_record
SF:lib\domain\usecase\get_tv_recommendations.dart
DA:9,1
DA:11,1
DA:12,2
LF:3
LH:3
end_of_record
SF:lib\domain\usecase\get_watchlist_status_tv.dart
DA:7,1
DA:9,1
DA:10,2
LF:3
LH:3
end_of_record
SF:lib\domain\usecase\get_watchlist_tv.dart
DA:9,1
DA:11,1
DA:12,2
LF:3
LH:3
end_of_record
SF:lib\domain\usecase\remove_watchlist_tv.dart
DA:9,1
DA:11,1
DA:12,2
LF:3
LH:3
end_of_record
SF:lib\domain\usecase\save_watchlist_tv.dart
DA:9,1
DA:11,1
DA:12,2
LF:3
LH:3
end_of_record
SF:lib\domain\usecase\search_tv.dart
DA:9,1
DA:11,1
DA:12,2
LF:3
LH:3
end_of_record
SF:lib\presentation\bloc\action_watchlist_tv_state.dart
DA:5,2
DA:7,1
DA:8,1
DA:18,2
DA:20,1
DA:21,2
DA:27,2
DA:29,1
DA:30,2
DA:38,2
DA:40,1
DA:41,2
DA:47,2
DA:49,1
DA:50,2
LF:15
LH:15
end_of_record
SF:lib\presentation\bloc\action_watchlist_tv_bloc.dart
DA:16,1
DA:19,2
DA:20,2
DA:21,2
DA:22,4
DA:24,1
DA:25,1
DA:26,3
DA:28,1
DA:29,2
DA:34,2
DA:35,2
DA:36,4
DA:38,1
DA:39,1
DA:40,3
DA:42,1
DA:43,2
LF:18
LH:18
end_of_record
SF:lib\presentation\bloc\action_watchlist_tv_event.dart
DA:5,1
DA:7,0
DA:8,0
DA:14,1
DA:16,0
DA:17,0
DA:23,1
DA:25,0
DA:26,0
LF:9
LH:3
end_of_record
SF:lib\presentation\bloc\check_watchlist_tv_state.dart
DA:5,2
DA:7,1
DA:8,1
DA:18,2
DA:20,1
DA:21,2
DA:27,0
DA:29,0
DA:30,0
LF:9
LH:6
end_of_record
SF:lib\presentation\bloc\check_watchlist_tv_event.dart
DA:5,1
DA:7,0
DA:8,0
DA:14,1
DA:16,0
DA:17,0
LF:6
LH:2
end_of_record
SF:lib\presentation\bloc\check_watchlist_tv_bloc.dart
DA:13,1
DA:14,2
DA:15,2
DA:16,2
DA:18,4
DA:20,2
LF:6
LH:6
end_of_record
SF:lib\presentation\bloc\detail_tv_event.dart
DA:5,1
DA:7,0
DA:8,0
DA:14,1
LF:4
LH:2
end_of_record
SF:lib\presentation\bloc\detail_tv_state.dart
DA:5,2
DA:7,1
DA:8,1
DA:18,1
DA:20,1
DA:21,2
DA:27,2
DA:29,1
DA:30,2
LF:9
LH:9
end_of_record
SF:lib\presentation\bloc\detail_tv_bloc.dart
DA:13,3
DA:14,2
DA:15,2
DA:17,4
DA:19,1
DA:20,1
DA:21,3
DA:23,1
DA:24,2
LF:9
LH:9
end_of_record
SF:lib\presentation\bloc\now_playing_tv_state.dart
DA:5,2
DA:7,1
DA:8,1
DA:20,1
DA:22,1
DA:23,2
DA:29,2
DA:31,1
DA:32,2
LF:9
LH:9
end_of_record
SF:lib\presentation\bloc\now_playing_tv_bloc.dart
DA:13,3
DA:14,2
DA:15,2
DA:17,3
DA:19,1
DA:20,1
DA:21,3
DA:23,1
DA:24,1
DA:25,2
DA:27,2
LF:11
LH:11
end_of_record
SF:lib\presentation\bloc\now_playing_tv_event.dart
DA:5,1
DA:7,0
DA:8,0
LF:3
LH:1
end_of_record
SF:lib\presentation\bloc\popular_tv_state.dart
DA:5,2
DA:7,1
DA:8,1
DA:20,1
DA:22,1
DA:23,2
DA:29,2
DA:31,1
DA:32,2
LF:9
LH:9
end_of_record
SF:lib\presentation\bloc\popular_tv_bloc.dart
DA:13,3
DA:14,2
DA:15,2
DA:17,3
DA:19,1
DA:20,1
DA:21,3
DA:23,1
DA:24,1
DA:25,2
DA:27,2
LF:11
LH:11
end_of_record
SF:lib\presentation\bloc\popular_tv_event.dart
DA:5,1
DA:7,0
DA:8,0
LF:3
LH:1
end_of_record
SF:lib\presentation\bloc\recommendation_tv_state.dart
DA:5,2
DA:7,1
DA:8,1
DA:20,1
DA:22,1
DA:23,2
DA:29,2
DA:31,1
DA:32,2
LF:9
LH:9
end_of_record
SF:lib\presentation\bloc\recommendation_tv_event.dart
DA:5,1
DA:7,0
DA:8,0
DA:14,1
LF:4
LH:2
end_of_record
SF:lib\presentation\bloc\recommendation_tv_bloc.dart
DA:15,1
DA:16,2
DA:17,2
DA:18,2
DA:20,4
DA:21,1
DA:22,1
DA:23,3
DA:25,1
DA:26,1
DA:27,2
DA:29,2
LF:12
LH:12
end_of_record
SF:lib\presentation\bloc\watchlist_tv_state.dart
DA:5,2
DA:7,1
DA:8,1
DA:20,1
DA:22,1
DA:23,2
DA:29,2
DA:31,1
DA:32,2
LF:9
LH:9
end_of_record
SF:lib\presentation\bloc\watchlist_tv_event.dart
DA:5,1
DA:7,0
DA:8,0
LF:3
LH:1
end_of_record
SF:lib\presentation\bloc\watchlist_tv_bloc.dart
DA:14,1
DA:15,2
DA:16,2
DA:17,2
DA:19,3
DA:21,1
DA:22,1
DA:23,3
DA:25,1
DA:26,1
DA:27,2
DA:29,2
LF:12
LH:12
end_of_record
SF:lib\presentation\bloc\search_tv_state.dart
DA:5,2
DA:7,1
DA:8,1
DA:20,2
DA:22,1
DA:23,2
DA:29,1
DA:31,1
DA:32,2
LF:9
LH:9
end_of_record
SF:lib\presentation\bloc\search_tv_event.dart
DA:5,2
DA:7,0
DA:8,0
DA:14,2
DA:16,0
DA:17,0
LF:6
LH:2
end_of_record
SF:lib\presentation\bloc\search_tv_bloc.dart
DA:14,1
DA:19,1
DA:20,1
DA:25,3
DA:26,2
DA:27,1
DA:29,2
DA:30,3
DA:32,1
DA:33,1
DA:34,3
DA:36,1
DA:37,1
DA:38,0
DA:40,2
LF:15
LH:14
end_of_record
